<?xml version="1.0" encoding="UTF-8"?>
<!-- Generated by org.testng.reporters.JUnitReportReporter -->
<testsuite hostname="SaiPavanKumar07" failures="0" tests="3" name="maven.practice.seleniumTest" time="0.003" errors="0" timestamp="2022-07-11T13:54:39 IST" skipped="0">
  <testcase classname="maven.practice.seleniumTest" name="sample3" time="0.001"/>
  <system-out/>
  <testcase classname="maven.practice.seleniumTest" name="sample2" time="0.001"/>
  <system-out/>
  <testcase classname="maven.practice.seleniumTest" name="sample1" time="0.001"/>
  <system-out/>
</testsuite> <!-- maven.practice.seleniumTest -->
