<?xml version="1.0" encoding="UTF-8"?>
<!-- Generated by org.testng.reporters.JUnitReportReporter -->
<testsuite hostname="SaiPavanKumar07" failures="0" tests="3" name="maven.practice.apiTest" time="0.007" errors="0" timestamp="2022-07-12T12:04:35 IST" skipped="0">
  <testcase classname="maven.practice.apiTest" name="sample4" time="0.006"/>
  <system-out/>
  <testcase classname="maven.practice.apiTest" name="sample5" time="0.001"/>
  <system-out/>
  <testcase classname="maven.practice.apiTest" name="sample6" time="0.000"/>
  <system-out/>
</testsuite> <!-- maven.practice.apiTest -->
