<?xml version="1.0" encoding="UTF-8"?>
<!-- Generated by org.testng.reporters.JUnitReportReporter -->
<testsuite hostname="SaiPavanKumar07" failures="0" tests="3" name="maven.practice.appiumTest" time="0.002" errors="0" timestamp="2022-07-12T12:04:35 IST" skipped="0">
  <testcase classname="maven.practice.appiumTest" name="sample9" time="0.001"/>
  <system-out/>
  <testcase classname="maven.practice.appiumTest" name="sample8" time="0.001"/>
  <system-out/>
  <testcase classname="maven.practice.appiumTest" name="sample7" time="0.000"/>
  <system-out/>
</testsuite> <!-- maven.practice.appiumTest -->
